<?xml version="1.0" encoding="UTF-8"?>
<testsuite xmlns:xsi="http://www.w3.org/2001/XMLSchema-instance" xsi:noNamespaceSchemaLocation="https://maven.apache.org/surefire/maven-surefire-plugin/xsd/surefire-test-report-3.0.xsd" version="3.0" name="TestSistemaPrestamo" time="0.731" tests="6" errors="0" skipped="0" failures="1">
  <properties>
[...]
</properties>
  <testcase name="TestDevolverLibroPrestado" classname="TestSistemaPrestamo" time="0.684">
    <system-err><![CDATA[WARNING: A Java agent has been loaded dynamically (/home/altair/.m2/repository/net/bytebuddy/byte-buddy-agent/1.14.12/byte-buddy-agent-1.14.12.jar)
WARNING: If a serviceability tool is in use, please run with -XX:+EnableDynamicAgentLoading to hide this warning
WARNING: If a serviceability tool is not in use, please run with -Djdk.instrument.traceUsage for more information
WARNING: Dynamic loading of agents will be disallowed by default in a future release
]]></system-err>
  </testcase>
  <testcase name="TestDevolverLibroDisponible" classname="TestSistemaPrestamo" time="0.012">
    <failure message="Unexpected exception type thrown, expected: &lt;exepciones.LibroExepcion&gt; but was: &lt;exepciones.PrestamoExepcion&gt;" type="org.opentest4j.AssertionFailedError"><![CDATA[org.opentest4j.AssertionFailedError: Unexpected exception type thrown, expected: <exepciones.LibroExepcion> but was: <exepciones.PrestamoExepcion>
	at org.junit.jupiter.api.AssertionFailureBuilder.build(AssertionFailureBuilder.java:151)
	at org.junit.jupiter.api.AssertThrows.assertThrows(AssertThrows.java:67)
	at org.junit.jupiter.api.AssertThrows.assertThrows(AssertThrows.java:35)
	at org.junit.jupiter.api.Assertions.assertThrows(Assertions.java:3111)
	at TestSistemaPrestamo.TestDevolverLibroDisponible(TestSistemaPrestamo.java:82)
	at java.base/java.lang.reflect.Method.invoke(Method.java:580)
	at java.base/java.util.ArrayList.forEach(ArrayList.java:1596)
	at java.base/java.util.ArrayList.forEach(ArrayList.java:1596)
Caused by: exepciones.PrestamoExepcion: No se encontró un préstamo para este libro
	at sistemas.SistemaPrestamos.lambda$devolverLibro$1(SistemaPrestamos.java:40)
	at java.base/java.util.Optional.orElseThrow(Optional.java:403)
	at sistemas.SistemaPrestamos.devolverLibro(SistemaPrestamos.java:40)
	at TestSistemaPrestamo.lambda$TestDevolverLibroDisponible$2(TestSistemaPrestamo.java:82)
	at org.junit.jupiter.api.AssertThrows.assertThrows(AssertThrows.java:53)
	... 6 more
]]></failure>
  </testcase>
  <testcase name="TestDevolverLibroNoPrestado" classname="TestSistemaPrestamo" time="0.004"/>
  <testcase name="TestBuscarPrestamoNoExistente" classname="TestSistemaPrestamo" time="0.003"/>
  <testcase name="TestRegistroPrestamoCorrecto" classname="TestSistemaPrestamo" time="0.004"/>
  <testcase name="TestRegistroPrestamoLibroNoDisponible" classname="TestSistemaPrestamo" time="0.003"/>
</testsuite>